WARNING (Router.php) 2018-03-04 19:06:07 : Invalid controller (/var/www/html/MVC/app/controllers/defaultController) file does not exist
WARNING (Router.php) 2018-03-04 19:31:21 : Invalid controller (/var/www/html/MVC/app/controllers/defaultController) file does not exist
WARNING (Router.php) 2018-03-04 19:40:28 : Invalid controller (/var/www/html/MVC/app/controllers/defaultController) file does not exist
WARNING (Router.php) 2018-03-04 19:42:40 : Invalid controller (/var/www/html/MVC/app/controllers/defaultController) file does not exist
WARNING (Router.php) 2018-03-04 19:42:44 : Invalid controller (/var/www/html/MVC/app/controllers/defaultController) file does not exist
WARNING (Router.php) 2018-03-04 19:42:51 : Invalid controller (/var/www/html/MVC/app/controllers/defaultController) file does not exist
WARNING (Router.php) 2018-03-04 19:43:02 : Invalid controller (/var/www/html/MVC/app/controllers/defaultController) file does not exist
WARNING (Router.php) 2018-03-04 19:43:08 : Invalid controller (/var/www/html/MVC/app/controllers/defaultController) file does not exist
WARNING (Router.php) 2018-03-04 19:43:31 : Invalid controller (/var/www/html/MVC/app/controllers/defaultController) file does not exist
WARNING (Router.php) 2018-03-04 20:07:34 : Invalid controller (/var/www/html/MVC/app/controllers/defaultController) file does not exist
WARNING (Router.php) 2018-03-04 20:09:16 : Invalid controller (/var/www/html/MVC/app/controllers/defaultController) file does not exist
WARNING (Router.php) 2018-03-24 21:52:06 : Invalid controller (/var/www/html/MVC/app/controllers/home.php) file does not exist
WARNING (Router.php) 2018-03-24 21:52:50 : Invalid controller (/var/www/html/MVC/app/controllers/home.php) file does not exist
WARNING (Router.php) 2018-03-25 19:46:45 : Invalid controller (/var/www/html/MVC/app/controllers/home.php) file does not exist
WARNING (Router.php) 2018-03-25 19:50:39 : Invalid controller (/var/www/html/MVC/app/controllers/home.php) file does not exist
WARNING (Router.php) 2018-03-25 19:52:08 : Invalid controller (/var/www/html/MVC/app/controllers/home.php) file does not exist
WARNING (Router.php) 2018-03-25 19:52:43 : Invalid controller (/var/www/html/MVC/app/controllers/home.php) file does not exist
WARNING (Router.php) 2018-03-25 19:53:50 : Invalid controller (/var/www/html/MVC/app/controllers/home.php) file does not exist
WARNING (Router.php) 2018-03-25 20:02:37 : Invalid controller (/var/www/html/MVC/app/controllers/home.php) file does not exist
WARNING (Router.php) 2018-03-25 20:02:51 : Invalid controller (/var/www/html/MVC/app/controllers/home.php) file does not exist
WARNING (Router.php) 2018-03-26 09:32:46 : Invalid controller (/var/www/html/MVC/app/controllers/home.php) file does not exist
WARNING (Router.php) 2018-03-26 09:36:07 : Invalid controller (/var/www/html/MVC/app/controllers/home.php) file does not exist
WARNING (Router.php) 2018-03-26 09:36:30 : Invalid controller (/var/www/html/MVC/app/controllers/home.php) file does not exist
WARNING (Router.php) 2018-03-26 10:29:15 : Invalid controller (/var/www/html/MVC/app/controllers/mvc/app/router) file does not exist
WARNING (Router.php) 2018-03-26 12:55:37 : Invalid controller (/var/www/html/MVC/tests/controllers/MVC/app/Exa.php) file does not exist
WARNING (Router.php) 2018-03-26 12:55:56 : Invalid controller (/var/www/html/MVC/tests/controllers/MVC/app/example.php) file does not exist
